WARNING: ignoring environment value of R_HOME
Bioconductor version 3.3 (BiocInstaller 1.22.3), ?biocLite for help
A newer version of Bioconductor is available for this version of R,
  ?BiocUpgrade for help
Loading required package: methods
Loading required package: GenomeInfoDb
Loading required package: stats4
Loading required package: BiocGenerics
Loading required package: parallel

Attaching package: ‘BiocGenerics’

The following objects are masked from ‘package:parallel’:

    clusterApply, clusterApplyLB, clusterCall, clusterEvalQ,
    clusterExport, clusterMap, parApply, parCapply, parLapply,
    parLapplyLB, parRapply, parSapply, parSapplyLB

The following objects are masked from ‘package:stats’:

    IQR, mad, xtabs

The following objects are masked from ‘package:base’:

    anyDuplicated, append, as.data.frame, cbind, colnames, do.call,
    duplicated, eval, evalq, Filter, Find, get, grep, grepl, intersect,
    is.unsorted, lapply, lengths, Map, mapply, match, mget, order,
    paste, pmax, pmax.int, pmin, pmin.int, Position, rank, rbind,
    Reduce, rownames, sapply, setdiff, sort, table, tapply, union,
    unique, unsplit

Loading required package: S4Vectors

Attaching package: ‘S4Vectors’

The following objects are masked from ‘package:base’:

    colMeans, colSums, expand.grid, rowMeans, rowSums

Loading required package: IRanges
Loading required package: GenomicRanges
Loading required package: Biostrings
Loading required package: XVector
Loading required package: SummarizedExperiment
Loading required package: Biobase
Welcome to Bioconductor

    Vignettes contain introductory material; view with
    'browseVignettes()'. To cite Bioconductor, see
    'citation("Biobase")', and for packages 'citation("pkgname")'.

Loading required package: GenomicFeatures
Loading required package: AnnotationDbi

C2C12_Luc2A_36h_NODOX1.bam
chr10...
chr11...
chr12...
chr13...
chr14...
chr15...
chr16...
chr17...
chr18...
chr19...
chr1...
chr2...
chr3...
chr4...
chr5...
chr6...
chr7...
chr8...
chr9...
chrM...
chrX...
chrY...
C2C12_Luc2A_36h_NODOX2.bam
chr10...
chr11...
chr12...
chr13...
chr14...
chr15...
chr16...
chr17...
chr18...
chr19...
chr1...
chr2...
chr3...
chr4...
chr5...
chr6...
chr7...
chr8...
chr9...
chrM...
chrX...
chrY...
C2C12_Luc2A_36h_NODOX3.bam
chr10...
chr11...
chr12...
chr13...
chr14...
chr15...
chr16...
chr17...
chr18...
chr19...
chr1...
chr2...
chr3...
chr4...
chr5...
chr6...
chr7...
chr8...
chr9...
chrM...
chrX...
chrY...
4_MMH6_WITHdox_rep1.bam
chr10...
chr11...
chr12...
chr13...
chr14...
chr15...
chr16...
chr17...
chr18...
chr19...
chr1...
chr2...
chr3...
chr4...
chr5...
chr6...
chr7...
chr8...
chr9...
chrM...
chrX...
chrY...
5_MMH6_WITHdox_rep2.bam
chr10...
chr11...
chr12...
chr13...
chr14...
chr15...
chr16...
chr17...
chr18...
chr19...
chr1...
chr2...
chr3...
chr4...
chr5...
chr6...
chr7...
chr8...
chr9...
chrM...
chrX...
chrY...
6_MMH6_WITHdox_rep3.bam
chr10...
chr11...
chr12...
chr13...
chr14...
chr15...
chr16...
chr17...
chr18...
chr19...
chr1...
chr2...
chr3...
chr4...
chr5...
chr6...
chr7...
chr8...
chr9...
chrM...
chrX...
chrY...
C2C12_Luc2A_36h_NODOX1.bam
C2C12_Luc2A_36h_NODOX2.bam
C2C12_Luc2A_36h_NODOX3.bam
4_MMH6_WITHdox_rep1.bam
5_MMH6_WITHdox_rep2.bam
6_MMH6_WITHdox_rep3.bam
'select()' returned many:1 mapping between keys and columns
mv: missing destination file operand after ‘/fh/fast/tapscott_s/CompBio/RNA-Seq/mm10.MMH6/inst/stats/PeakActivatedGene.csv/fh/fast/tapscott_s/CompBio/RNA-Seq/mm10.MMH6/inst/stats/MMH6_PeakActivatedGene.csv’
Try 'mv --help' for more information.
mv: missing destination file operand after ‘/fh/fast/tapscott_s/CompBio/RNA-Seq/mm10.MMH6/data/PeakActivatedGene.rda/fh/fast/tapscott_s/CompBio/RNA-Seq/mm10.MMH6/data/MMH6_PeakActivatedGene.rda’
Try 'mv --help' for more information.
C2C12_Luc2A_36h_NODOX1.bam
chr10...
chr11...
chr12...
chr13...
chr14...
chr15...
chr16...
chr17...
chr18...
chr19...
chr1...
chr2...
chr3...
chr4...
chr5...
chr6...
chr7...
chr8...
chr9...
chrM...
chrX...
chrY...
C2C12_Luc2A_36h_NODOX2.bam
chr10...
chr11...
chr12...
chr13...
chr14...
chr15...
chr16...
chr17...
chr18...
chr19...
chr1...
chr2...
chr3...
chr4...
chr5...
chr6...
chr7...
chr8...
chr9...
chrM...
chrX...
chrY...
C2C12_Luc2A_36h_NODOX3.bam
chr10...
chr11...
chr12...
chr13...
chr14...
chr15...
chr16...
chr17...
chr18...
chr19...
chr1...
chr2...
chr3...
chr4...
chr5...
chr6...
chr7...
chr8...
chr9...
chrM...
chrX...
chrY...
C2C12_mDuxCA_36h_15B_DOX1.bam
chr10...
chr11...
chr12...
chr13...
chr14...
chr15...
chr16...
chr17...
chr18...
chr19...
chr1...
chr2...
chr3...
chr4...
chr5...
chr6...
chr7...
chr8...
chr9...
chrM...
chrX...
chrY...
C2C12_mDuxCA_36h_15B_DOX2.bam
chr10...
chr11...
chr12...
chr13...
chr14...
chr15...
chr16...
chr17...
chr18...
chr19...
chr1...
chr2...
chr3...
chr4...
chr5...
chr6...
chr7...
chr8...
chr9...
chrM...
chrX...
chrY...
C2C12_mDuxCA_36h_15B_DOX3.bam
chr10...
chr11...
chr12...
chr13...
chr14...
chr15...
chr16...
chr17...
chr18...
chr19...
chr1...
chr2...
chr3...
chr4...
chr5...
chr6...
chr7...
chr8...
chr9...
chrM...
chrX...
chrY...
C2C12_Luc2A_36h_NODOX1.bam
C2C12_Luc2A_36h_NODOX2.bam
C2C12_Luc2A_36h_NODOX3.bam
C2C12_mDuxCA_36h_15B_DOX1.bam
C2C12_mDuxCA_36h_15B_DOX2.bam
C2C12_mDuxCA_36h_15B_DOX3.bam
'select()' returned many:1 mapping between keys and columns
mv: missing destination file operand after ‘/fh/fast/tapscott_s/CompBio/RNA-Seq/mm10.MMH6/inst/stats/PeakActivatedGene.csv/fh/fast/tapscott_s/CompBio/RNA-Seq/mm10.MMH6/inst/stats/MinM_PeakActivatedGene.csv’
Try 'mv --help' for more information.
mv: missing destination file operand after ‘/fh/fast/tapscott_s/CompBio/RNA-Seq/mm10.MMH6/data/PeakActivatedGene.rda/fh/fast/tapscott_s/CompBio/RNA-Seq/mm10.MMH6/data/MinM_PeakActivatedGene.rda’
Try 'mv --help' for more information.
